This file contains any messages produced by compilers while
running configure, to aid debugging if configure makes a mistake.

It was created by skey configure 2.0, which was
generated by GNU Autoconf 2.69.  Invocation command line was

  $ ../../skey-2.0/configure --enable-shared

## --------- ##
## Platform. ##
## --------- ##

hostname = miraj-virtual-machine
uname -m = x86_64
uname -r = 3.19.0-59-generic
uname -s = Linux
uname -v = #65~14.04.1-Ubuntu SMP Tue Apr 19 18:57:09 UTC 2016

/usr/bin/uname -p = unknown
/bin/uname -X     = unknown

/bin/arch              = unknown
/usr/bin/arch -k       = unknown
/usr/convex/getsysinfo = unknown
/usr/bin/hostinfo      = unknown
/bin/machine           = unknown
/usr/bin/oslevel       = unknown
/bin/universe          = unknown

PATH: /usr/local/sbin
PATH: /usr/local/bin
PATH: /usr/sbin
PATH: /usr/bin
PATH: /sbin
PATH: /bin
PATH: /usr/games
PATH: /usr/local/games


## ----------- ##
## Core tests. ##
## ----------- ##

configure:2247: checking build system type
configure:2261: result: x86_64-unknown-linux-gnu
configure:2281: checking host system type
configure:2294: result: x86_64-unknown-linux-gnu
configure:2314: checking target system type
configure:2327: result: x86_64-unknown-linux-gnu
configure:2402: checking how to print strings
configure:2429: result: printf
configure:2501: checking for gcc
configure:2517: found /usr/bin/gcc
configure:2528: result: gcc
configure:2757: checking for C compiler version
configure:2766: gcc --version >&5
gcc (Ubuntu 4.8.4-2ubuntu1~14.04.1) 4.8.4
Copyright (C) 2013 Free Software Foundation, Inc.
This is free software; see the source for copying conditions.  There is NO
warranty; not even for MERCHANTABILITY or FITNESS FOR A PARTICULAR PURPOSE.

configure:2777: $? = 0
configure:2766: gcc -v >&5
Using built-in specs.
COLLECT_GCC=gcc
COLLECT_LTO_WRAPPER=/usr/lib/gcc/x86_64-linux-gnu/4.8/lto-wrapper
Target: x86_64-linux-gnu
Configured with: ../src/configure -v --with-pkgversion='Ubuntu 4.8.4-2ubuntu1~14.04.1' --with-bugurl=file:///usr/share/doc/gcc-4.8/README.Bugs --enable-languages=c,c++,java,go,d,fortran,objc,obj-c++ --prefix=/usr --program-suffix=-4.8 --enable-shared --enable-linker-build-id --libexecdir=/usr/lib --without-included-gettext --enable-threads=posix --with-gxx-include-dir=/usr/include/c++/4.8 --libdir=/usr/lib --enable-nls --with-sysroot=/ --enable-clocale=gnu --enable-libstdcxx-debug --enable-libstdcxx-time=yes --enable-gnu-unique-object --disable-libmudflap --enable-plugin --with-system-zlib --disable-browser-plugin --enable-java-awt=gtk --enable-gtk-cairo --with-java-home=/usr/lib/jvm/java-1.5.0-gcj-4.8-amd64/jre --enable-java-home --with-jvm-root-dir=/usr/lib/jvm/java-1.5.0-gcj-4.8-amd64 --with-jvm-jar-dir=/usr/lib/jvm-exports/java-1.5.0-gcj-4.8-amd64 --with-arch-directory=amd64 --with-ecj-jar=/usr/share/java/eclipse-ecj.jar --enable-objc-gc --enable-multiarch --disable-werror --with-arch-32=i686 --with-abi=m64 --with-multilib-list=m32,m64,mx32 --with-tune=generic --enable-checking=release --build=x86_64-linux-gnu --host=x86_64-linux-gnu --target=x86_64-linux-gnu
Thread model: posix
gcc version 4.8.4 (Ubuntu 4.8.4-2ubuntu1~14.04.1) 
configure:2777: $? = 0
configure:2766: gcc -V >&5
gcc: error: unrecognized command line option '-V'
gcc: fatal error: no input files
compilation terminated.
configure:2777: $? = 4
configure:2766: gcc -qversion >&5
gcc: error: unrecognized command line option '-qversion'
gcc: fatal error: no input files
compilation terminated.
configure:2777: $? = 4
configure:2797: checking whether the C compiler works
configure:2819: gcc    conftest.c  >&5
configure:2823: $? = 0
configure:2871: result: yes
configure:2874: checking for C compiler default output file name
configure:2876: result: a.out
configure:2882: checking for suffix of executables
configure:2889: gcc -o conftest    conftest.c  >&5
configure:2893: $? = 0
configure:2915: result: 
configure:2937: checking whether we are cross compiling
configure:2945: gcc -o conftest    conftest.c  >&5
configure:2949: $? = 0
configure:2956: ./conftest
configure:2960: $? = 0
configure:2975: result: no
configure:2980: checking for suffix of object files
configure:3002: gcc -c   conftest.c >&5
configure:3006: $? = 0
configure:3027: result: o
configure:3031: checking whether we are using the GNU C compiler
configure:3050: gcc -c   conftest.c >&5
configure:3050: $? = 0
configure:3059: result: yes
configure:3068: checking whether gcc accepts -g
configure:3088: gcc -c -g  conftest.c >&5
configure:3088: $? = 0
configure:3129: result: yes
configure:3146: checking for gcc option to accept ISO C89
configure:3209: gcc  -c -g -O2  conftest.c >&5
configure:3209: $? = 0
configure:3222: result: none needed
configure:3247: checking whether gcc understands -c and -o together
configure:3269: gcc -c conftest.c -o conftest2.o
configure:3272: $? = 0
configure:3269: gcc -c conftest.c -o conftest2.o
configure:3272: $? = 0
configure:3284: result: yes
configure:3301: checking for a sed that does not truncate output
configure:3365: result: /bin/sed
configure:3383: checking for grep that handles long lines and -e
configure:3441: result: /bin/grep
configure:3446: checking for egrep
configure:3508: result: /bin/grep -E
configure:3513: checking for fgrep
configure:3575: result: /bin/grep -F
configure:3610: checking for ld used by gcc
configure:3677: result: /usr/bin/ld
configure:3684: checking if the linker (/usr/bin/ld) is GNU ld
configure:3699: result: yes
configure:3711: checking for BSD- or MS-compatible name lister (nm)
configure:3760: result: /usr/bin/nm -B
configure:3890: checking the name lister (/usr/bin/nm -B) interface
configure:3897: gcc -c -g -O2  conftest.c >&5
configure:3900: /usr/bin/nm -B "conftest.o"
configure:3903: output
0000000000000000 B some_variable
configure:3910: result: BSD nm
configure:3913: checking whether ln -s works
configure:3917: result: yes
configure:3925: checking the maximum length of command line arguments
configure:4056: result: 1572864
configure:4073: checking whether the shell understands some XSI constructs
configure:4083: result: yes
configure:4087: checking whether the shell understands "+="
configure:4093: result: yes
configure:4128: checking how to convert x86_64-unknown-linux-gnu file names to x86_64-unknown-linux-gnu format
configure:4168: result: func_convert_file_noop
configure:4175: checking how to convert x86_64-unknown-linux-gnu file names to toolchain format
configure:4195: result: func_convert_file_noop
configure:4202: checking for /usr/bin/ld option to reload object files
configure:4209: result: -r
configure:4283: checking for objdump
configure:4299: found /usr/bin/objdump
configure:4310: result: objdump
configure:4342: checking how to recognize dependent libraries
configure:4540: result: pass_all
configure:4625: checking for dlltool
configure:4655: result: no
configure:4685: checking how to associate runtime and link libraries
configure:4712: result: printf %s\n
configure:4773: checking for ar
configure:4789: found /usr/bin/ar
configure:4800: result: ar
configure:4837: checking for archiver @FILE support
configure:4854: gcc -c -g -O2  conftest.c >&5
configure:4854: $? = 0
configure:4857: ar cru libconftest.a @conftest.lst >&5
configure:4860: $? = 0
configure:4865: ar cru libconftest.a @conftest.lst >&5
ar: conftest.o: No such file or directory
configure:4868: $? = 1
configure:4880: result: @
configure:4938: checking for strip
configure:4954: found /usr/bin/strip
configure:4965: result: strip
configure:5037: checking for ranlib
configure:5053: found /usr/bin/ranlib
configure:5064: result: ranlib
configure:5141: checking for gawk
configure:5171: result: no
configure:5141: checking for mawk
configure:5157: found /usr/bin/mawk
configure:5168: result: mawk
configure:5208: checking command to parse /usr/bin/nm -B output from gcc object
configure:5328: gcc -c -g -O2  conftest.c >&5
configure:5331: $? = 0
configure:5335: /usr/bin/nm -B conftest.o \| sed -n -e 's/^.*[ ]\([ABCDGIRSTW][ABCDGIRSTW]*\)[ ][ ]*\([_A-Za-z][_A-Za-z0-9]*\)$/\1 \2 \2/p' | sed '/ __gnu_lto/d' \> conftest.nm
configure:5338: $? = 0
configure:5404: gcc -o conftest -g -O2   conftest.c conftstm.o >&5
configure:5407: $? = 0
configure:5445: result: ok
configure:5482: checking for sysroot
configure:5512: result: no
configure:5589: gcc -c -g -O2  conftest.c >&5
configure:5592: $? = 0
configure:5781: checking for mt
configure:5797: found /bin/mt
configure:5808: result: mt
configure:5831: checking if mt is a manifest tool
configure:5837: mt '-?'
configure:5845: result: no
configure:6487: checking how to run the C preprocessor
configure:6518: gcc -E  conftest.c
configure:6518: $? = 0
configure:6532: gcc -E  conftest.c
conftest.c:9:28: fatal error: ac_nonexistent.h: No such file or directory
 #include <ac_nonexistent.h>
                            ^
compilation terminated.
configure:6532: $? = 1
configure: failed program was:
| /* confdefs.h */
| #define PACKAGE_NAME "skey"
| #define PACKAGE_TARNAME "skey"
| #define PACKAGE_VERSION "2.0"
| #define PACKAGE_STRING "skey 2.0"
| #define PACKAGE_BUGREPORT "BUG-REPORT-ADDRESS"
| #define PACKAGE_URL ""
| /* end confdefs.h.  */
| #include <ac_nonexistent.h>
configure:6557: result: gcc -E
configure:6577: gcc -E  conftest.c
configure:6577: $? = 0
configure:6591: gcc -E  conftest.c
conftest.c:9:28: fatal error: ac_nonexistent.h: No such file or directory
 #include <ac_nonexistent.h>
                            ^
compilation terminated.
configure:6591: $? = 1
configure: failed program was:
| /* confdefs.h */
| #define PACKAGE_NAME "skey"
| #define PACKAGE_TARNAME "skey"
| #define PACKAGE_VERSION "2.0"
| #define PACKAGE_STRING "skey 2.0"
| #define PACKAGE_BUGREPORT "BUG-REPORT-ADDRESS"
| #define PACKAGE_URL ""
| /* end confdefs.h.  */
| #include <ac_nonexistent.h>
configure:6620: checking for ANSI C header files
configure:6640: gcc -c -g -O2  conftest.c >&5
configure:6640: $? = 0
configure:6713: gcc -o conftest -g -O2   conftest.c  >&5
configure:6713: $? = 0
configure:6713: ./conftest
configure:6713: $? = 0
configure:6724: result: yes
configure:6737: checking for sys/types.h
configure:6737: gcc -c -g -O2  conftest.c >&5
configure:6737: $? = 0
configure:6737: result: yes
configure:6737: checking for sys/stat.h
configure:6737: gcc -c -g -O2  conftest.c >&5
configure:6737: $? = 0
configure:6737: result: yes
configure:6737: checking for stdlib.h
configure:6737: gcc -c -g -O2  conftest.c >&5
configure:6737: $? = 0
configure:6737: result: yes
configure:6737: checking for string.h
configure:6737: gcc -c -g -O2  conftest.c >&5
configure:6737: $? = 0
configure:6737: result: yes
configure:6737: checking for memory.h
configure:6737: gcc -c -g -O2  conftest.c >&5
configure:6737: $? = 0
configure:6737: result: yes
configure:6737: checking for strings.h
configure:6737: gcc -c -g -O2  conftest.c >&5
configure:6737: $? = 0
configure:6737: result: yes
configure:6737: checking for inttypes.h
configure:6737: gcc -c -g -O2  conftest.c >&5
configure:6737: $? = 0
configure:6737: result: yes
configure:6737: checking for stdint.h
configure:6737: gcc -c -g -O2  conftest.c >&5
configure:6737: $? = 0
configure:6737: result: yes
configure:6737: checking for unistd.h
configure:6737: gcc -c -g -O2  conftest.c >&5
configure:6737: $? = 0
configure:6737: result: yes
configure:6751: checking for dlfcn.h
configure:6751: gcc -c -g -O2  conftest.c >&5
configure:6751: $? = 0
configure:6751: result: yes
configure:6957: checking for objdir
configure:6972: result: .libs
configure:7239: checking if gcc supports -fno-rtti -fno-exceptions
configure:7257: gcc -c -g -O2  -fno-rtti -fno-exceptions conftest.c >&5
cc1: warning: command line option '-fno-rtti' is valid for C++/ObjC++ but not for C [enabled by default]
configure:7261: $? = 0
configure:7274: result: no
configure:7601: checking for gcc option to produce PIC
configure:7608: result: -fPIC -DPIC
configure:7616: checking if gcc PIC flag -fPIC -DPIC works
configure:7634: gcc -c -g -O2  -fPIC -DPIC -DPIC conftest.c >&5
configure:7638: $? = 0
configure:7651: result: yes
configure:7680: checking if gcc static flag -static works
configure:7708: result: yes
configure:7723: checking if gcc supports -c -o file.o
configure:7744: gcc -c -g -O2  -o out/conftest2.o conftest.c >&5
configure:7748: $? = 0
configure:7770: result: yes
configure:7778: checking if gcc supports -c -o file.o
configure:7825: result: yes
configure:7858: checking whether the gcc linker (/usr/bin/ld -m elf_x86_64) supports shared libraries
configure:9015: result: yes
configure:9052: checking whether -lc should be explicitly linked in
configure:9060: gcc -c -g -O2  conftest.c >&5
configure:9063: $? = 0
configure:9078: gcc -shared  -fPIC -DPIC conftest.o  -v -Wl,-soname -Wl,conftest -o conftest 2\>\&1 \| /bin/grep  -lc  \>/dev/null 2\>\&1
configure:9081: $? = 0
configure:9095: result: no
configure:9255: checking dynamic linker characteristics
configure:9755: gcc -o conftest -g -O2   -Wl,-rpath -Wl,/foo conftest.c  >&5
configure:9755: $? = 0
configure:9989: result: GNU/Linux ld.so
configure:10096: checking how to hardcode library paths into programs
configure:10121: result: immediate
configure:10661: checking whether stripping libraries is possible
configure:10666: result: yes
configure:10701: checking if libtool supports shared libraries
configure:10703: result: yes
configure:10706: checking whether to build shared libraries
configure:10727: result: yes
configure:10730: checking whether to build static libraries
configure:10734: result: yes
configure:10788: checking for a BSD-compatible install
configure:10856: result: /usr/bin/install -c
configure:10867: checking whether build environment is sane
configure:10922: result: yes
configure:10957: WARNING: 'missing' script is too old or missing
configure:11070: checking for a thread-safe mkdir -p
configure:11109: result: /bin/mkdir -p
configure:11112: checking whether make sets $(MAKE)
configure:11134: result: yes
configure:11164: checking for style of include used by make
configure:11192: result: GNU
configure:11226: checking whether make supports nested variables
configure:11243: result: yes
configure:11328: checking dependency style of gcc
configure:11439: result: gcc3
configure:11546: checking for gcc
configure:11573: result: gcc
configure:11802: checking for C compiler version
configure:11811: gcc --version >&5
gcc (Ubuntu 4.8.4-2ubuntu1~14.04.1) 4.8.4
Copyright (C) 2013 Free Software Foundation, Inc.
This is free software; see the source for copying conditions.  There is NO
warranty; not even for MERCHANTABILITY or FITNESS FOR A PARTICULAR PURPOSE.

configure:11822: $? = 0
configure:11811: gcc -v >&5
Using built-in specs.
COLLECT_GCC=gcc
COLLECT_LTO_WRAPPER=/usr/lib/gcc/x86_64-linux-gnu/4.8/lto-wrapper
Target: x86_64-linux-gnu
Configured with: ../src/configure -v --with-pkgversion='Ubuntu 4.8.4-2ubuntu1~14.04.1' --with-bugurl=file:///usr/share/doc/gcc-4.8/README.Bugs --enable-languages=c,c++,java,go,d,fortran,objc,obj-c++ --prefix=/usr --program-suffix=-4.8 --enable-shared --enable-linker-build-id --libexecdir=/usr/lib --without-included-gettext --enable-threads=posix --with-gxx-include-dir=/usr/include/c++/4.8 --libdir=/usr/lib --enable-nls --with-sysroot=/ --enable-clocale=gnu --enable-libstdcxx-debug --enable-libstdcxx-time=yes --enable-gnu-unique-object --disable-libmudflap --enable-plugin --with-system-zlib --disable-browser-plugin --enable-java-awt=gtk --enable-gtk-cairo --with-java-home=/usr/lib/jvm/java-1.5.0-gcj-4.8-amd64/jre --enable-java-home --with-jvm-root-dir=/usr/lib/jvm/java-1.5.0-gcj-4.8-amd64 --with-jvm-jar-dir=/usr/lib/jvm-exports/java-1.5.0-gcj-4.8-amd64 --with-arch-directory=amd64 --with-ecj-jar=/usr/share/java/eclipse-ecj.jar --enable-objc-gc --enable-multiarch --disable-werror --with-arch-32=i686 --with-abi=m64 --with-multilib-list=m32,m64,mx32 --with-tune=generic --enable-checking=release --build=x86_64-linux-gnu --host=x86_64-linux-gnu --target=x86_64-linux-gnu
Thread model: posix
gcc version 4.8.4 (Ubuntu 4.8.4-2ubuntu1~14.04.1) 
configure:11822: $? = 0
configure:11811: gcc -V >&5
gcc: error: unrecognized command line option '-V'
gcc: fatal error: no input files
compilation terminated.
configure:11822: $? = 4
configure:11811: gcc -qversion >&5
gcc: error: unrecognized command line option '-qversion'
gcc: fatal error: no input files
compilation terminated.
configure:11822: $? = 4
configure:11826: checking whether we are using the GNU C compiler
configure:11854: result: yes
configure:11863: checking whether gcc accepts -g
configure:11924: result: yes
configure:11941: checking for gcc option to accept ISO C89
configure:12017: result: none needed
configure:12042: checking whether gcc understands -c and -o together
configure:12079: result: yes
configure:12100: checking whether byte ordering is bigendian
configure:12115: gcc -c -g -O2  conftest.c >&5
conftest.c:24:9: error: unknown type name 'not'
         not a universal capable compiler
         ^
conftest.c:24:15: error: expected '=', ',', ';', 'asm' or '__attribute__' before 'universal'
         not a universal capable compiler
               ^
conftest.c:24:15: error: unknown type name 'universal'
configure:12115: $? = 1
configure: failed program was:
| /* confdefs.h */
| #define PACKAGE_NAME "skey"
| #define PACKAGE_TARNAME "skey"
| #define PACKAGE_VERSION "2.0"
| #define PACKAGE_STRING "skey 2.0"
| #define PACKAGE_BUGREPORT "BUG-REPORT-ADDRESS"
| #define PACKAGE_URL ""
| #define STDC_HEADERS 1
| #define HAVE_SYS_TYPES_H 1
| #define HAVE_SYS_STAT_H 1
| #define HAVE_STDLIB_H 1
| #define HAVE_STRING_H 1
| #define HAVE_MEMORY_H 1
| #define HAVE_STRINGS_H 1
| #define HAVE_INTTYPES_H 1
| #define HAVE_STDINT_H 1
| #define HAVE_UNISTD_H 1
| #define HAVE_DLFCN_H 1
| #define LT_OBJDIR ".libs/"
| #define PACKAGE "skey"
| #define VERSION "2.0"
| /* end confdefs.h.  */
| #ifndef __APPLE_CC__
| 	       not a universal capable compiler
| 	     #endif
| 	     typedef int dummy;
| 
configure:12160: gcc -c -g -O2  conftest.c >&5
configure:12160: $? = 0
configure:12178: gcc -c -g -O2  conftest.c >&5
conftest.c: In function 'main':
conftest.c:30:4: error: unknown type name 'not'
    not big endian
    ^
conftest.c:30:12: error: expected '=', ',', ';', 'asm' or '__attribute__' before 'endian'
    not big endian
            ^
configure:12178: $? = 1
configure: failed program was:
| /* confdefs.h */
| #define PACKAGE_NAME "skey"
| #define PACKAGE_TARNAME "skey"
| #define PACKAGE_VERSION "2.0"
| #define PACKAGE_STRING "skey 2.0"
| #define PACKAGE_BUGREPORT "BUG-REPORT-ADDRESS"
| #define PACKAGE_URL ""
| #define STDC_HEADERS 1
| #define HAVE_SYS_TYPES_H 1
| #define HAVE_SYS_STAT_H 1
| #define HAVE_STDLIB_H 1
| #define HAVE_STRING_H 1
| #define HAVE_MEMORY_H 1
| #define HAVE_STRINGS_H 1
| #define HAVE_INTTYPES_H 1
| #define HAVE_STDINT_H 1
| #define HAVE_UNISTD_H 1
| #define HAVE_DLFCN_H 1
| #define LT_OBJDIR ".libs/"
| #define PACKAGE "skey"
| #define VERSION "2.0"
| /* end confdefs.h.  */
| #include <sys/types.h>
| 		#include <sys/param.h>
| 
| int
| main ()
| {
| #if BYTE_ORDER != BIG_ENDIAN
| 		 not big endian
| 		#endif
| 
|   ;
|   return 0;
| }
configure:12306: result: no
configure:12329: checking fcntl.h usability
configure:12329: gcc -c -g -O2  conftest.c >&5
configure:12329: $? = 0
configure:12329: result: yes
configure:12329: checking fcntl.h presence
configure:12329: gcc -E  conftest.c
configure:12329: $? = 0
configure:12329: result: yes
configure:12329: checking for fcntl.h
configure:12329: result: yes
configure:12329: checking sgtty.h usability
configure:12329: gcc -c -g -O2  conftest.c >&5
configure:12329: $? = 0
configure:12329: result: yes
configure:12329: checking sgtty.h presence
configure:12329: gcc -E  conftest.c
configure:12329: $? = 0
configure:12329: result: yes
configure:12329: checking for sgtty.h
configure:12329: result: yes
configure:12329: checking shadow.h usability
configure:12329: gcc -c -g -O2  conftest.c >&5
configure:12329: $? = 0
configure:12329: result: yes
configure:12329: checking shadow.h presence
configure:12329: gcc -E  conftest.c
configure:12329: $? = 0
configure:12329: result: yes
configure:12329: checking for shadow.h
configure:12329: result: yes
configure:12329: checking for stdlib.h
configure:12329: result: yes
configure:12329: checking for string.h
configure:12329: result: yes
configure:12329: checking sys/param.h usability
configure:12329: gcc -c -g -O2  conftest.c >&5
configure:12329: $? = 0
configure:12329: result: yes
configure:12329: checking sys/param.h presence
configure:12329: gcc -E  conftest.c
configure:12329: $? = 0
configure:12329: result: yes
configure:12329: checking for sys/param.h
configure:12329: result: yes
configure:12329: checking sys/systeminfo.h usability
configure:12329: gcc -c -g -O2  conftest.c >&5
conftest.c:62:28: fatal error: sys/systeminfo.h: No such file or directory
 #include <sys/systeminfo.h>
                            ^
compilation terminated.
configure:12329: $? = 1
configure: failed program was:
| /* confdefs.h */
| #define PACKAGE_NAME "skey"
| #define PACKAGE_TARNAME "skey"
| #define PACKAGE_VERSION "2.0"
| #define PACKAGE_STRING "skey 2.0"
| #define PACKAGE_BUGREPORT "BUG-REPORT-ADDRESS"
| #define PACKAGE_URL ""
| #define STDC_HEADERS 1
| #define HAVE_SYS_TYPES_H 1
| #define HAVE_SYS_STAT_H 1
| #define HAVE_STDLIB_H 1
| #define HAVE_STRING_H 1
| #define HAVE_MEMORY_H 1
| #define HAVE_STRINGS_H 1
| #define HAVE_INTTYPES_H 1
| #define HAVE_STDINT_H 1
| #define HAVE_UNISTD_H 1
| #define HAVE_DLFCN_H 1
| #define LT_OBJDIR ".libs/"
| #define PACKAGE "skey"
| #define VERSION "2.0"
| #define HAVE_FCNTL_H 1
| #define HAVE_SGTTY_H 1
| #define HAVE_SHADOW_H 1
| #define HAVE_STDLIB_H 1
| #define HAVE_STRING_H 1
| #define HAVE_SYS_PARAM_H 1
| /* end confdefs.h.  */
| #include <stdio.h>
| #ifdef HAVE_SYS_TYPES_H
| # include <sys/types.h>
| #endif
| #ifdef HAVE_SYS_STAT_H
| # include <sys/stat.h>
| #endif
| #ifdef STDC_HEADERS
| # include <stdlib.h>
| # include <stddef.h>
| #else
| # ifdef HAVE_STDLIB_H
| #  include <stdlib.h>
| # endif
| #endif
| #ifdef HAVE_STRING_H
| # if !defined STDC_HEADERS && defined HAVE_MEMORY_H
| #  include <memory.h>
| # endif
| # include <string.h>
| #endif
| #ifdef HAVE_STRINGS_H
| # include <strings.h>
| #endif
| #ifdef HAVE_INTTYPES_H
| # include <inttypes.h>
| #endif
| #ifdef HAVE_STDINT_H
| # include <stdint.h>
| #endif
| #ifdef HAVE_UNISTD_H
| # include <unistd.h>
| #endif
| #include <sys/systeminfo.h>
configure:12329: result: no
configure:12329: checking sys/systeminfo.h presence
configure:12329: gcc -E  conftest.c
conftest.c:29:28: fatal error: sys/systeminfo.h: No such file or directory
 #include <sys/systeminfo.h>
                            ^
compilation terminated.
configure:12329: $? = 1
configure: failed program was:
| /* confdefs.h */
| #define PACKAGE_NAME "skey"
| #define PACKAGE_TARNAME "skey"
| #define PACKAGE_VERSION "2.0"
| #define PACKAGE_STRING "skey 2.0"
| #define PACKAGE_BUGREPORT "BUG-REPORT-ADDRESS"
| #define PACKAGE_URL ""
| #define STDC_HEADERS 1
| #define HAVE_SYS_TYPES_H 1
| #define HAVE_SYS_STAT_H 1
| #define HAVE_STDLIB_H 1
| #define HAVE_STRING_H 1
| #define HAVE_MEMORY_H 1
| #define HAVE_STRINGS_H 1
| #define HAVE_INTTYPES_H 1
| #define HAVE_STDINT_H 1
| #define HAVE_UNISTD_H 1
| #define HAVE_DLFCN_H 1
| #define LT_OBJDIR ".libs/"
| #define PACKAGE "skey"
| #define VERSION "2.0"
| #define HAVE_FCNTL_H 1
| #define HAVE_SGTTY_H 1
| #define HAVE_SHADOW_H 1
| #define HAVE_STDLIB_H 1
| #define HAVE_STRING_H 1
| #define HAVE_SYS_PARAM_H 1
| /* end confdefs.h.  */
| #include <sys/systeminfo.h>
configure:12329: result: no
configure:12329: checking for sys/systeminfo.h
configure:12329: result: no
configure:12329: checking for sys/types.h
configure:12329: result: yes
configure:12329: checking sys/resource.h usability
configure:12329: gcc -c -g -O2  conftest.c >&5
configure:12329: $? = 0
configure:12329: result: yes
configure:12329: checking sys/resource.h presence
configure:12329: gcc -E  conftest.c
configure:12329: $? = 0
configure:12329: result: yes
configure:12329: checking for sys/resource.h
configure:12329: result: yes
configure:12329: checking for sys/stat.h
configure:12329: result: yes
configure:12329: checking sys/time.h usability
configure:12329: gcc -c -g -O2  conftest.c >&5
configure:12329: $? = 0
configure:12329: result: yes
configure:12329: checking sys/time.h presence
configure:12329: gcc -E  conftest.c
configure:12329: $? = 0
configure:12329: result: yes
configure:12329: checking for sys/time.h
configure:12329: result: yes
configure:12329: checking sys/timeb.h usability
configure:12329: gcc -c -g -O2  conftest.c >&5
configure:12329: $? = 0
configure:12329: result: yes
configure:12329: checking sys/timeb.h presence
configure:12329: gcc -E  conftest.c
configure:12329: $? = 0
configure:12329: result: yes
configure:12329: checking for sys/timeb.h
configure:12329: result: yes
configure:12329: checking termio.h usability
configure:12329: gcc -c -g -O2  conftest.c >&5
configure:12329: $? = 0
configure:12329: result: yes
configure:12329: checking termio.h presence
configure:12329: gcc -E  conftest.c
configure:12329: $? = 0
configure:12329: result: yes
configure:12329: checking for termio.h
configure:12329: result: yes
configure:12329: checking termios.h usability
configure:12329: gcc -c -g -O2  conftest.c >&5
configure:12329: $? = 0
configure:12329: result: yes
configure:12329: checking termios.h presence
configure:12329: gcc -E  conftest.c
configure:12329: $? = 0
configure:12329: result: yes
configure:12329: checking for termios.h
configure:12329: result: yes
configure:12329: checking for unistd.h
configure:12329: result: yes
configure:12329: checking crypt.h usability
configure:12329: gcc -c -g -O2  conftest.c >&5
configure:12329: $? = 0
configure:12329: result: yes
configure:12329: checking crypt.h presence
configure:12329: gcc -E  conftest.c
configure:12329: $? = 0
configure:12329: result: yes
configure:12329: checking for crypt.h
configure:12329: result: yes
configure:12329: checking stdio.h usability
configure:12329: gcc -c -g -O2  conftest.c >&5
configure:12329: $? = 0
configure:12329: result: yes
configure:12329: checking stdio.h presence
configure:12329: gcc -E  conftest.c
configure:12329: $? = 0
configure:12329: result: yes
configure:12329: checking for stdio.h
configure:12329: result: yes
configure:12329: checking ctype.h usability
configure:12329: gcc -c -g -O2  conftest.c >&5
configure:12329: $? = 0
configure:12329: result: yes
configure:12329: checking ctype.h presence
configure:12329: gcc -E  conftest.c
configure:12329: $? = 0
configure:12329: result: yes
configure:12329: checking for ctype.h
configure:12329: result: yes
configure:12329: checking errno.h usability
configure:12329: gcc -c -g -O2  conftest.c >&5
configure:12329: $? = 0
configure:12329: result: yes
configure:12329: checking errno.h presence
configure:12329: gcc -E  conftest.c
configure:12329: $? = 0
configure:12329: result: yes
configure:12329: checking for errno.h
configure:12329: result: yes
configure:12329: checking pwd.h usability
configure:12329: gcc -c -g -O2  conftest.c >&5
configure:12329: $? = 0
configure:12329: result: yes
configure:12329: checking pwd.h presence
configure:12329: gcc -E  conftest.c
configure:12329: $? = 0
configure:12329: result: yes
configure:12329: checking for pwd.h
configure:12329: result: yes
configure:12329: checking signal.h usability
configure:12329: gcc -c -g -O2  conftest.c >&5
configure:12329: $? = 0
configure:12329: result: yes
configure:12329: checking signal.h presence
configure:12329: gcc -E  conftest.c
configure:12329: $? = 0
configure:12329: result: yes
configure:12329: checking for signal.h
configure:12329: result: yes
configure:12329: checking time.h usability
configure:12329: gcc -c -g -O2  conftest.c >&5
configure:12329: $? = 0
configure:12329: result: yes
configure:12329: checking time.h presence
configure:12329: gcc -E  conftest.c
configure:12329: $? = 0
configure:12329: result: yes
configure:12329: checking for time.h
configure:12329: result: yes
configure:12345: checking for stdlib.h
configure:12345: result: yes
configure:12355: checking for GNU libc compatible malloc
configure:12379: gcc -o conftest -g -O2   conftest.c  >&5
configure:12379: $? = 0
configure:12379: ./conftest
configure:12379: $? = 0
configure:12389: result: yes
configure:12413: checking for gethostname
configure:12413: gcc -o conftest -g -O2   conftest.c  >&5
configure:12413: $? = 0
configure:12413: result: yes
configure:12413: checking for getpass
configure:12413: gcc -o conftest -g -O2   conftest.c  >&5
configure:12413: $? = 0
configure:12413: result: yes
configure:12413: checking for getspnam
configure:12413: gcc -o conftest -g -O2   conftest.c  >&5
configure:12413: $? = 0
configure:12413: result: yes
configure:12413: checking for isascii
configure:12413: gcc -o conftest -g -O2   conftest.c  >&5
conftest.c:72:6: warning: conflicting types for built-in function 'isascii' [enabled by default]
 char isascii ();
      ^
configure:12413: $? = 0
configure:12413: result: yes
configure:12413: checking for memset
configure:12413: gcc -o conftest -g -O2   conftest.c  >&5
conftest.c:73:6: warning: conflicting types for built-in function 'memset' [enabled by default]
 char memset ();
      ^
configure:12413: $? = 0
configure:12413: result: yes
configure:12413: checking for strchr
configure:12413: gcc -o conftest -g -O2   conftest.c  >&5
conftest.c:74:6: warning: conflicting types for built-in function 'strchr' [enabled by default]
 char strchr ();
      ^
configure:12413: $? = 0
configure:12413: result: yes
configure:12413: checking for sysinfo
configure:12413: gcc -o conftest -g -O2   conftest.c  >&5
configure:12413: $? = 0
configure:12413: result: yes
configure:12413: checking for getenv
configure:12413: gcc -o conftest -g -O2   conftest.c  >&5
configure:12413: $? = 0
configure:12413: result: yes
configure:12413: checking for setenv
configure:12413: gcc -o conftest -g -O2   conftest.c  >&5
configure:12413: $? = 0
configure:12413: result: yes
configure:12473: checking for gcc
configure:12500: result: gcc
configure:12729: checking for C compiler version
configure:12738: gcc --version >&5
gcc (Ubuntu 4.8.4-2ubuntu1~14.04.1) 4.8.4
Copyright (C) 2013 Free Software Foundation, Inc.
This is free software; see the source for copying conditions.  There is NO
warranty; not even for MERCHANTABILITY or FITNESS FOR A PARTICULAR PURPOSE.

configure:12749: $? = 0
configure:12738: gcc -v >&5
Using built-in specs.
COLLECT_GCC=gcc
COLLECT_LTO_WRAPPER=/usr/lib/gcc/x86_64-linux-gnu/4.8/lto-wrapper
Target: x86_64-linux-gnu
Configured with: ../src/configure -v --with-pkgversion='Ubuntu 4.8.4-2ubuntu1~14.04.1' --with-bugurl=file:///usr/share/doc/gcc-4.8/README.Bugs --enable-languages=c,c++,java,go,d,fortran,objc,obj-c++ --prefix=/usr --program-suffix=-4.8 --enable-shared --enable-linker-build-id --libexecdir=/usr/lib --without-included-gettext --enable-threads=posix --with-gxx-include-dir=/usr/include/c++/4.8 --libdir=/usr/lib --enable-nls --with-sysroot=/ --enable-clocale=gnu --enable-libstdcxx-debug --enable-libstdcxx-time=yes --enable-gnu-unique-object --disable-libmudflap --enable-plugin --with-system-zlib --disable-browser-plugin --enable-java-awt=gtk --enable-gtk-cairo --with-java-home=/usr/lib/jvm/java-1.5.0-gcj-4.8-amd64/jre --enable-java-home --with-jvm-root-dir=/usr/lib/jvm/java-1.5.0-gcj-4.8-amd64 --with-jvm-jar-dir=/usr/lib/jvm-exports/java-1.5.0-gcj-4.8-amd64 --with-arch-directory=amd64 --with-ecj-jar=/usr/share/java/eclipse-ecj.jar --enable-objc-gc --enable-multiarch --disable-werror --with-arch-32=i686 --with-abi=m64 --with-multilib-list=m32,m64,mx32 --with-tune=generic --enable-checking=release --build=x86_64-linux-gnu --host=x86_64-linux-gnu --target=x86_64-linux-gnu
Thread model: posix
gcc version 4.8.4 (Ubuntu 4.8.4-2ubuntu1~14.04.1) 
configure:12749: $? = 0
configure:12738: gcc -V >&5
gcc: error: unrecognized command line option '-V'
gcc: fatal error: no input files
compilation terminated.
configure:12749: $? = 4
configure:12738: gcc -qversion >&5
gcc: error: unrecognized command line option '-qversion'
gcc: fatal error: no input files
compilation terminated.
configure:12749: $? = 4
configure:12753: checking whether we are using the GNU C compiler
configure:12781: result: yes
configure:12790: checking whether gcc accepts -g
configure:12851: result: yes
configure:12868: checking for gcc option to accept ISO C89
configure:12944: result: none needed
configure:12969: checking whether gcc understands -c and -o together
configure:13006: result: yes
configure:13028: checking how to run the C preprocessor
configure:13098: result: gcc -E
configure:13118: gcc -E  conftest.c
configure:13118: $? = 0
configure:13132: gcc -E  conftest.c
conftest.c:55:28: fatal error: ac_nonexistent.h: No such file or directory
 #include <ac_nonexistent.h>
                            ^
compilation terminated.
configure:13132: $? = 1
configure: failed program was:
| /* confdefs.h */
| #define PACKAGE_NAME "skey"
| #define PACKAGE_TARNAME "skey"
| #define PACKAGE_VERSION "2.0"
| #define PACKAGE_STRING "skey 2.0"
| #define PACKAGE_BUGREPORT "BUG-REPORT-ADDRESS"
| #define PACKAGE_URL ""
| #define STDC_HEADERS 1
| #define HAVE_SYS_TYPES_H 1
| #define HAVE_SYS_STAT_H 1
| #define HAVE_STDLIB_H 1
| #define HAVE_STRING_H 1
| #define HAVE_MEMORY_H 1
| #define HAVE_STRINGS_H 1
| #define HAVE_INTTYPES_H 1
| #define HAVE_STDINT_H 1
| #define HAVE_UNISTD_H 1
| #define HAVE_DLFCN_H 1
| #define LT_OBJDIR ".libs/"
| #define PACKAGE "skey"
| #define VERSION "2.0"
| #define HAVE_FCNTL_H 1
| #define HAVE_SGTTY_H 1
| #define HAVE_SHADOW_H 1
| #define HAVE_STDLIB_H 1
| #define HAVE_STRING_H 1
| #define HAVE_SYS_PARAM_H 1
| #define HAVE_SYS_TYPES_H 1
| #define HAVE_SYS_RESOURCE_H 1
| #define HAVE_SYS_STAT_H 1
| #define HAVE_SYS_TIME_H 1
| #define HAVE_SYS_TIMEB_H 1
| #define HAVE_TERMIO_H 1
| #define HAVE_TERMIOS_H 1
| #define HAVE_UNISTD_H 1
| #define HAVE_CRYPT_H 1
| #define HAVE_STDIO_H 1
| #define HAVE_CTYPE_H 1
| #define HAVE_ERRNO_H 1
| #define HAVE_PWD_H 1
| #define HAVE_SIGNAL_H 1
| #define HAVE_TIME_H 1
| #define HAVE_STDLIB_H 1
| #define HAVE_MALLOC 1
| #define HAVE_GETHOSTNAME 1
| #define HAVE_GETPASS 1
| #define HAVE_GETSPNAM 1
| #define HAVE_ISASCII 1
| #define HAVE_MEMSET 1
| #define HAVE_STRCHR 1
| #define HAVE_SYSINFO 1
| #define HAVE_GETENV 1
| #define HAVE_SETENV 1
| /* end confdefs.h.  */
| #include <ac_nonexistent.h>
configure:13161: checking whether gcc and cc understand -c and -o together
configure:13192: gcc -c conftest.c -o conftest2.o >&5
configure:13196: $? = 0
configure:13202: gcc -c conftest.c -o conftest2.o >&5
configure:13206: $? = 0
configure:13217: cc -c conftest.c >&5
configure:13221: $? = 0
configure:13229: cc -c conftest.c -o conftest2.o >&5
configure:13233: $? = 0
configure:13239: cc -c conftest.c -o conftest2.o >&5
configure:13243: $? = 0
configure:13261: result: yes
configure:13272: checking whether gcc needs -traditional
configure:13306: result: no
configure:13313: checking whether make sets $(MAKE)
configure:13335: result: yes
configure:13344: checking for library containing strerror
configure:13375: gcc -o conftest -g -O2   conftest.c  >&5
configure:13375: $? = 0
configure:13392: result: none required
configure:13536: checking that generated files are newer than configure
configure:13542: result: done
configure:13567: creating ./config.status

## ---------------------- ##
## Running config.status. ##
## ---------------------- ##

This file was extended by skey config.status 2.0, which was
generated by GNU Autoconf 2.69.  Invocation command line was

  CONFIG_FILES    = 
  CONFIG_HEADERS  = 
  CONFIG_LINKS    = 
  CONFIG_COMMANDS = 
  $ ./config.status 

on miraj-virtual-machine

config.status:1119: creating Makefile
config.status:1119: creating lib/Makefile
config.status:1119: creating include/Makefile
config.status:1119: creating skey/Makefile
config.status:1119: creating config.h
config.status:1333: executing libtool commands
config.status:1333: executing depfiles commands

## ---------------- ##
## Cache variables. ##
## ---------------- ##

ac_cv_build=x86_64-unknown-linux-gnu
ac_cv_c_bigendian=no
ac_cv_c_compiler_gnu=yes
ac_cv_env_CC_set=
ac_cv_env_CC_value=
ac_cv_env_CFLAGS_set=
ac_cv_env_CFLAGS_value=
ac_cv_env_CPPFLAGS_set=
ac_cv_env_CPPFLAGS_value=
ac_cv_env_CPP_set=
ac_cv_env_CPP_value=
ac_cv_env_LDFLAGS_set=
ac_cv_env_LDFLAGS_value=
ac_cv_env_LIBS_set=
ac_cv_env_LIBS_value=
ac_cv_env_build_alias_set=
ac_cv_env_build_alias_value=
ac_cv_env_host_alias_set=
ac_cv_env_host_alias_value=
ac_cv_env_target_alias_set=
ac_cv_env_target_alias_value=
ac_cv_func_getenv=yes
ac_cv_func_gethostname=yes
ac_cv_func_getpass=yes
ac_cv_func_getspnam=yes
ac_cv_func_isascii=yes
ac_cv_func_malloc_0_nonnull=yes
ac_cv_func_memset=yes
ac_cv_func_setenv=yes
ac_cv_func_strchr=yes
ac_cv_func_sysinfo=yes
ac_cv_header_crypt_h=yes
ac_cv_header_ctype_h=yes
ac_cv_header_dlfcn_h=yes
ac_cv_header_errno_h=yes
ac_cv_header_fcntl_h=yes
ac_cv_header_inttypes_h=yes
ac_cv_header_memory_h=yes
ac_cv_header_pwd_h=yes
ac_cv_header_sgtty_h=yes
ac_cv_header_shadow_h=yes
ac_cv_header_signal_h=yes
ac_cv_header_stdc=yes
ac_cv_header_stdint_h=yes
ac_cv_header_stdio_h=yes
ac_cv_header_stdlib_h=yes
ac_cv_header_string_h=yes
ac_cv_header_strings_h=yes
ac_cv_header_sys_param_h=yes
ac_cv_header_sys_resource_h=yes
ac_cv_header_sys_stat_h=yes
ac_cv_header_sys_systeminfo_h=no
ac_cv_header_sys_time_h=yes
ac_cv_header_sys_timeb_h=yes
ac_cv_header_sys_types_h=yes
ac_cv_header_termio_h=yes
ac_cv_header_termios_h=yes
ac_cv_header_time_h=yes
ac_cv_header_unistd_h=yes
ac_cv_host=x86_64-unknown-linux-gnu
ac_cv_objext=o
ac_cv_path_EGREP='/bin/grep -E'
ac_cv_path_FGREP='/bin/grep -F'
ac_cv_path_GREP=/bin/grep
ac_cv_path_SED=/bin/sed
ac_cv_path_install='/usr/bin/install -c'
ac_cv_path_mkdir=/bin/mkdir
ac_cv_prog_AWK=mawk
ac_cv_prog_CPP='gcc -E'
ac_cv_prog_ac_ct_AR=ar
ac_cv_prog_ac_ct_CC=gcc
ac_cv_prog_ac_ct_MANIFEST_TOOL=mt
ac_cv_prog_ac_ct_OBJDUMP=objdump
ac_cv_prog_ac_ct_RANLIB=ranlib
ac_cv_prog_ac_ct_STRIP=strip
ac_cv_prog_cc_c89=
ac_cv_prog_cc_g=yes
ac_cv_prog_cc_gcc_c_o=yes
ac_cv_prog_gcc_traditional=no
ac_cv_prog_make_make_set=yes
ac_cv_search_strerror='none required'
ac_cv_target=x86_64-unknown-linux-gnu
am_cv_CC_dependencies_compiler_type=gcc3
am_cv_make_support_nested_variables=yes
am_cv_prog_cc_c_o=yes
lt_cv_ar_at_file=@
lt_cv_archive_cmds_need_lc=no
lt_cv_deplibs_check_method=pass_all
lt_cv_file_magic_cmd='$MAGIC_CMD'
lt_cv_file_magic_test_file=
lt_cv_ld_reload_flag=-r
lt_cv_nm_interface='BSD nm'
lt_cv_objdir=.libs
lt_cv_path_LD=/usr/bin/ld
lt_cv_path_NM='/usr/bin/nm -B'
lt_cv_path_mainfest_tool=no
lt_cv_prog_compiler_c_o=yes
lt_cv_prog_compiler_pic='-fPIC -DPIC'
lt_cv_prog_compiler_pic_works=yes
lt_cv_prog_compiler_rtti_exceptions=no
lt_cv_prog_compiler_static_works=yes
lt_cv_prog_gnu_ld=yes
lt_cv_sharedlib_from_linklib_cmd='printf %s\n'
lt_cv_shlibpath_overrides_runpath=no
lt_cv_sys_global_symbol_pipe='sed -n -e '\''s/^.*[	 ]\([ABCDGIRSTW][ABCDGIRSTW]*\)[	 ][	 ]*\([_A-Za-z][_A-Za-z0-9]*\)$/\1 \2 \2/p'\'' | sed '\''/ __gnu_lto/d'\'''
lt_cv_sys_global_symbol_to_c_name_address='sed -n -e '\''s/^: \([^ ]*\)[ ]*$/  {\"\1\", (void *) 0},/p'\'' -e '\''s/^[ABCDGIRSTW]* \([^ ]*\) \([^ ]*\)$/  {"\2", (void *) \&\2},/p'\'''
lt_cv_sys_global_symbol_to_c_name_address_lib_prefix='sed -n -e '\''s/^: \([^ ]*\)[ ]*$/  {\"\1\", (void *) 0},/p'\'' -e '\''s/^[ABCDGIRSTW]* \([^ ]*\) \(lib[^ ]*\)$/  {"\2", (void *) \&\2},/p'\'' -e '\''s/^[ABCDGIRSTW]* \([^ ]*\) \([^ ]*\)$/  {"lib\2", (void *) \&\2},/p'\'''
lt_cv_sys_global_symbol_to_cdecl='sed -n -e '\''s/^T .* \(.*\)$/extern int \1();/p'\'' -e '\''s/^[ABCDGIRSTW]* .* \(.*\)$/extern char \1;/p'\'''
lt_cv_sys_max_cmd_len=1572864
lt_cv_to_host_file_cmd=func_convert_file_noop
lt_cv_to_tool_file_cmd=func_convert_file_noop

## ----------------- ##
## Output variables. ##
## ----------------- ##

ACLOCAL='aclocal-1.14'
AMDEPBACKSLASH='\'
AMDEP_FALSE='#'
AMDEP_TRUE=''
AMTAR='$${TAR-tar}'
AM_BACKSLASH='\'
AM_DEFAULT_V='$(AM_DEFAULT_VERBOSITY)'
AM_DEFAULT_VERBOSITY='1'
AM_V='$(V)'
AR='ar'
AUTOCONF='autoconf'
AUTOHEADER='autoheader'
AUTOMAKE='automake-1.14'
AWK='mawk'
CC='gcc'
CCDEPMODE='depmode=gcc3'
CFLAGS='-g -O2'
CPP='gcc -E'
CPPFLAGS=''
CYGPATH_W='echo'
DEFS='-DHAVE_CONFIG_H'
DEPDIR='.deps'
DLLTOOL='false'
DSYMUTIL=''
DUMPBIN=''
ECHO_C=''
ECHO_N='-n'
ECHO_T=''
EGREP='/bin/grep -E'
EXEEXT=''
FGREP='/bin/grep -F'
GREP='/bin/grep'
INSTALL_DATA='${INSTALL} -m 644'
INSTALL_PROGRAM='${INSTALL}'
INSTALL_SCRIPT='${INSTALL}'
INSTALL_STRIP_PROGRAM='$(install_sh) -c -s'
LD='/usr/bin/ld -m elf_x86_64'
LDFLAGS=''
LIBOBJS=''
LIBS=''
LIBTOOL='$(SHELL) $(top_builddir)/libtool'
LIPO=''
LN_S='ln -s'
LTLIBOBJS=''
MAKEINFO='makeinfo'
MANIFEST_TOOL=':'
MKDIR_P='/bin/mkdir -p'
NM='/usr/bin/nm -B'
NMEDIT=''
OBJDUMP='objdump'
OBJEXT='o'
OTOOL64=''
OTOOL=''
PACKAGE='skey'
PACKAGE_BUGREPORT='BUG-REPORT-ADDRESS'
PACKAGE_NAME='skey'
PACKAGE_STRING='skey 2.0'
PACKAGE_TARNAME='skey'
PACKAGE_URL=''
PACKAGE_VERSION='2.0'
PATH_SEPARATOR=':'
RANLIB='ranlib'
SED='/bin/sed'
SET_MAKE=''
SHELL='/bin/bash'
STRIP='strip'
VERSION='2.0'
ac_ct_AR='ar'
ac_ct_CC='gcc'
ac_ct_DUMPBIN=''
am__EXEEXT_FALSE=''
am__EXEEXT_TRUE='#'
am__fastdepCC_FALSE='#'
am__fastdepCC_TRUE=''
am__include='include'
am__isrc=' -I$(srcdir)'
am__leading_dot='.'
am__nodep='_no'
am__quote=''
am__tar='$${TAR-tar} chof - "$$tardir"'
am__untar='$${TAR-tar} xf -'
bindir='${exec_prefix}/bin'
build='x86_64-unknown-linux-gnu'
build_alias=''
build_cpu='x86_64'
build_os='linux-gnu'
build_vendor='unknown'
datadir='${datarootdir}'
datarootdir='${prefix}/share'
docdir='${datarootdir}/doc/${PACKAGE_TARNAME}'
dvidir='${docdir}'
exec_prefix='${prefix}'
host='x86_64-unknown-linux-gnu'
host_alias=''
host_cpu='x86_64'
host_os='linux-gnu'
host_vendor='unknown'
htmldir='${docdir}'
includedir='${prefix}/include'
infodir='${datarootdir}/info'
install_sh='${SHELL} /home/miraj/Documents/CSE376/HW4/hw4-msalam/skey-2.0/install-sh'
libdir='${exec_prefix}/lib'
libexecdir='${exec_prefix}/libexec'
localedir='${datarootdir}/locale'
localstatedir='${prefix}/var'
mandir='${datarootdir}/man'
mkdir_p='$(MKDIR_P)'
oldincludedir='/usr/include'
pdfdir='${docdir}'
prefix='/usr/local'
program_transform_name='s,x,x,'
psdir='${docdir}'
sbindir='${exec_prefix}/sbin'
sharedstatedir='${prefix}/com'
sysconfdir='${prefix}/etc'
target='x86_64-unknown-linux-gnu'
target_alias=''
target_cpu='x86_64'
target_os='linux-gnu'
target_vendor='unknown'

## ----------- ##
## confdefs.h. ##
## ----------- ##

/* confdefs.h */
#define PACKAGE_NAME "skey"
#define PACKAGE_TARNAME "skey"
#define PACKAGE_VERSION "2.0"
#define PACKAGE_STRING "skey 2.0"
#define PACKAGE_BUGREPORT "BUG-REPORT-ADDRESS"
#define PACKAGE_URL ""
#define STDC_HEADERS 1
#define HAVE_SYS_TYPES_H 1
#define HAVE_SYS_STAT_H 1
#define HAVE_STDLIB_H 1
#define HAVE_STRING_H 1
#define HAVE_MEMORY_H 1
#define HAVE_STRINGS_H 1
#define HAVE_INTTYPES_H 1
#define HAVE_STDINT_H 1
#define HAVE_UNISTD_H 1
#define HAVE_DLFCN_H 1
#define LT_OBJDIR ".libs/"
#define PACKAGE "skey"
#define VERSION "2.0"
#define HAVE_FCNTL_H 1
#define HAVE_SGTTY_H 1
#define HAVE_SHADOW_H 1
#define HAVE_STDLIB_H 1
#define HAVE_STRING_H 1
#define HAVE_SYS_PARAM_H 1
#define HAVE_SYS_TYPES_H 1
#define HAVE_SYS_RESOURCE_H 1
#define HAVE_SYS_STAT_H 1
#define HAVE_SYS_TIME_H 1
#define HAVE_SYS_TIMEB_H 1
#define HAVE_TERMIO_H 1
#define HAVE_TERMIOS_H 1
#define HAVE_UNISTD_H 1
#define HAVE_CRYPT_H 1
#define HAVE_STDIO_H 1
#define HAVE_CTYPE_H 1
#define HAVE_ERRNO_H 1
#define HAVE_PWD_H 1
#define HAVE_SIGNAL_H 1
#define HAVE_TIME_H 1
#define HAVE_STDLIB_H 1
#define HAVE_MALLOC 1
#define HAVE_GETHOSTNAME 1
#define HAVE_GETPASS 1
#define HAVE_GETSPNAM 1
#define HAVE_ISASCII 1
#define HAVE_MEMSET 1
#define HAVE_STRCHR 1
#define HAVE_SYSINFO 1
#define HAVE_GETENV 1
#define HAVE_SETENV 1

configure: exit 0
